# JRE version: Java(TM) SE Runtime Environment (8.0_121-b13) (build 1.8.0_121-b13)
# Java VM: Java HotSpot(TM) 64-Bit Server VM (25.121-b13 mixed mode linux-amd64 compressed oops)
Heap:
 PSYoungGen      total 320000K, used 44299K [0x00000000eab00000, 0x0000000100000000, 0x0000000100000000)
  eden space 290304K, 15% used [0x00000000eab00000,0x00000000ed642d08,0x00000000fc680000)
  from space 29696K, 0% used [0x00000000fe300000,0x00000000fe300000,0x0000000100000000)
  to   space 29184K, 0% used [0x00000000fc680000,0x00000000fc680000,0x00000000fe300000)
 ParOldGen       total 699392K, used 75727K [0x00000000c0000000, 0x00000000eab00000, 0x00000000eab00000)
  object space 699392K, 10% used [0x00000000c0000000,0x00000000c49f3cb8,0x00000000eab00000)
 Metaspace       used 137445K, capacity 138292K, committed 140200K, reserved 1167360K
  class space    used 21768K, capacity 22062K, committed 22440K, reserved 1048576K
GC Heap History (10 events):
Event: 13278.157 GC heap before
{Heap before GC invocations=163 (full 11):
 PSYoungGen      total 335360K, used 321536K [0x00000000eab00000, 0x0000000100000000, 0x0000000100000000)
  eden space 321536K, 100% used [0x00000000eab00000,0x00000000fe500000,0x00000000fe500000)
  from space 13824K, 0% used [0x00000000fe500000,0x00000000fe500000,0x00000000ff280000)
  to   space 13312K, 0% used [0x00000000ff300000,0x00000000ff300000,0x0000000100000000)
 ParOldGen       total 699392K, used 75131K [0x00000000c0000000, 0x00000000eab00000, 0x00000000eab00000)
  object space 699392K, 10% used [0x00000000c0000000,0x00000000c495ec98,0x00000000eab00000)
 Metaspace       used 135800K, capacity 136750K, committed 137256K, reserved 1165312K
  class space    used 21746K, capacity 22010K, committed 22056K, reserved 1048576K
Event: 13278.219 GC heap after
Heap after GC invocations=163 (full 11):
 PSYoungGen      total 310272K, used 13305K [0x00000000eab00000, 0x0000000100000000, 0x0000000100000000)
  eden space 296960K, 0% used [0x00000000eab00000,0x00000000eab00000,0x00000000fcd00000)
  from space 13312K, 99% used [0x00000000ff300000,0x00000000ffffe5c8,0x0000000100000000)
  to   space 26112K, 0% used [0x00000000fcd00000,0x00000000fcd00000,0x00000000fe680000)
 ParOldGen       total 699392K, used 102553K [0x00000000c0000000, 0x00000000eab00000, 0x00000000eab00000)
  object space 699392K, 14% used [0x00000000c0000000,0x00000000c6426468,0x00000000eab00000)
 Metaspace       used 135800K, capacity 136750K, committed 137256K, reserved 1165312K
  class space    used 21746K, capacity 22010K, committed 22056K, reserved 1048576K
}
Event: 13278.993 GC heap before
{Heap before GC invocations=164 (full 11):
 PSYoungGen      total 310272K, used 82678K [0x00000000eab00000, 0x0000000100000000, 0x0000000100000000)
  eden space 296960K, 23% used [0x00000000eab00000,0x00000000eeebf3f0,0x00000000fcd00000)
  from space 13312K, 99% used [0x00000000ff300000,0x00000000ffffe5c8,0x0000000100000000)
  to   space 26112K, 0% used [0x00000000fcd00000,0x00000000fcd00000,0x00000000fe680000)
 ParOldGen       total 699392K, used 102553K [0x00000000c0000000, 0x00000000eab00000, 0x00000000eab00000)
  object space 699392K, 14% used [0x00000000c0000000,0x00000000c6426468,0x00000000eab00000)
 Metaspace       used 138620K, capacity 139674K, committed 140200K, reserved 1167360K
  class space    used 22139K, capacity 22434K, committed 22440K, reserved 1048576K
Event: 13279.014 GC heap after
Heap after GC invocations=164 (full 11):
 PSYoungGen      total 319488K, used 22056K [0x00000000eab00000, 0x0000000100000000, 0x0000000100000000)
  eden space 296960K, 0% used [0x00000000eab00000,0x00000000eab00000,0x00000000fcd00000)
  from space 22528K, 97% used [0x00000000fcd00000,0x00000000fe28a000,0x00000000fe300000)
  to   space 29696K, 0% used [0x00000000fe300000,0x00000000fe300000,0x0000000100000000)
 ParOldGen       total 699392K, used 102553K [0x00000000c0000000, 0x00000000eab00000, 0x00000000eab00000)
  object space 699392K, 14% used [0x00000000c0000000,0x00000000c6426468,0x00000000eab00000)
 Metaspace       used 138620K, capacity 139674K, committed 140200K, reserved 1167360K
  class space    used 22139K, capacity 22434K, committed 22440K, reserved 1048576K
}
Event: 13279.014 GC heap before
{Heap before GC invocations=165 (full 12):
 PSYoungGen      total 319488K, used 22056K [0x00000000eab00000, 0x0000000100000000, 0x0000000100000000)
  eden space 296960K, 0% used [0x00000000eab00000,0x00000000eab00000,0x00000000fcd00000)
  from space 22528K, 97% used [0x00000000fcd00000,0x00000000fe28a000,0x00000000fe300000)
  to   space 29696K, 0% used [0x00000000fe300000,0x00000000fe300000,0x0000000100000000)
 ParOldGen       total 699392K, used 102553K [0x00000000c0000000, 0x00000000eab00000, 0x00000000eab00000)
  object space 699392K, 14% used [0x00000000c0000000,0x00000000c6426468,0x00000000eab00000)
 Metaspace       used 138620K, capacity 139674K, committed 140200K, reserved 1167360K
  class space    used 22139K, capacity 22434K, committed 22440K, reserved 1048576K
Event: 13279.365 GC heap after
Heap after GC invocations=165 (full 12):
 PSYoungGen      total 319488K, used 0K [0x00000000eab00000, 0x0000000100000000, 0x0000000100000000)
  eden space 296960K, 0% used [0x00000000eab00000,0x00000000eab00000,0x00000000fcd00000)
  from space 22528K, 0% used [0x00000000fcd00000,0x00000000fcd00000,0x00000000fe300000)
  to   space 29696K, 0% used [0x00000000fe300000,0x00000000fe300000,0x0000000100000000)
 ParOldGen       total 699392K, used 78805K [0x00000000c0000000, 0x00000000eab00000, 0x00000000eab00000)
  object space 699392K, 11% used [0x00000000c0000000,0x00000000c4cf5678,0x00000000eab00000)
 Metaspace       used 137226K, capacity 138024K, committed 140200K, reserved 1167360K
  class space    used 21748K, capacity 21990K, committed 22440K, reserved 1048576K
}
Event: 13279.382 GC heap before
{Heap before GC invocations=166 (full 12):
 PSYoungGen      total 319488K, used 2065K [0x00000000eab00000, 0x0000000100000000, 0x0000000100000000)
  eden space 296960K, 0% used [0x00000000eab00000,0x00000000ead04710,0x00000000fcd00000)
  from space 22528K, 0% used [0x00000000fcd00000,0x00000000fcd00000,0x00000000fe300000)
  to   space 29696K, 0% used [0x00000000fe300000,0x00000000fe300000,0x0000000100000000)
 ParOldGen       total 699392K, used 78805K [0x00000000c0000000, 0x00000000eab00000, 0x00000000eab00000)
  object space 699392K, 11% used [0x00000000c0000000,0x00000000c4cf5678,0x00000000eab00000)
 Metaspace       used 137227K, capacity 138024K, committed 140200K, reserved 1167360K
  class space    used 21748K, capacity 21990K, committed 22440K, reserved 1048576K
Event: 13279.386 GC heap after
Heap after GC invocations=166 (full 12):
 PSYoungGen      total 320000K, used 0K [0x00000000eab00000, 0x0000000100000000, 0x0000000100000000)
  eden space 290304K, 0% used [0x00000000eab00000,0x00000000eab00000,0x00000000fc680000)
  from space 29696K, 0% used [0x00000000fe300000,0x00000000fe300000,0x0000000100000000)
  to   space 29184K, 0% used [0x00000000fc680000,0x00000000fc680000,0x00000000fe300000)
 ParOldGen       total 699392K, used 78805K [0x00000000c0000000, 0x00000000eab00000, 0x00000000eab00000)
  object space 699392K, 11% used [0x00000000c0000000,0x00000000c4cf5678,0x00000000eab00000)
 Metaspace       used 137227K, capacity 138024K, committed 140200K, reserved 1167360K
  class space    used 21748K, capacity 21990K, committed 22440K, reserved 1048576K
}
Event: 13279.386 GC heap before
{Heap before GC invocations=167 (full 13):
 PSYoungGen      total 320000K, used 0K [0x00000000eab00000, 0x0000000100000000, 0x0000000100000000)
  eden space 290304K, 0% used [0x00000000eab00000,0x00000000eab00000,0x00000000fc680000)
  from space 29696K, 0% used [0x00000000fe300000,0x00000000fe300000,0x0000000100000000)
  to   space 29184K, 0% used [0x00000000fc680000,0x00000000fc680000,0x00000000fe300000)
 ParOldGen       total 699392K, used 78805K [0x00000000c0000000, 0x00000000eab00000, 0x00000000eab00000)
  object space 699392K, 11% used [0x00000000c0000000,0x00000000c4cf5678,0x00000000eab00000)
 Metaspace       used 137227K, capacity 138024K, committed 140200K, reserved 1167360K
  class space    used 21748K, capacity 21990K, committed 22440K, reserved 1048576K
Event: 13279.589 GC heap after
Heap after GC invocations=167 (full 13):
 PSYoungGen      total 320000K, used 0K [0x00000000eab00000, 0x0000000100000000, 0x0000000100000000)
  eden space 290304K, 0% used [0x00000000eab00000,0x00000000eab00000,0x00000000fc680000)
  from space 29696K, 0% used [0x00000000fe300000,0x00000000fe300000,0x0000000100000000)
  to   space 29184K, 0% used [0x00000000fc680000,0x00000000fc680000,0x00000000fe300000)
 ParOldGen       total 699392K, used 75727K [0x00000000c0000000, 0x00000000eab00000, 0x00000000eab00000)
  object space 699392K, 10% used [0x00000000c0000000,0x00000000c49f3cb8,0x00000000eab00000)
 Metaspace       used 137227K, capacity 138024K, committed 140200K, reserved 1167360K
  class space    used 21748K, capacity 21990K, committed 22440K, reserved 1048576K
}

